<?xml version="1.0" encoding="UTF-8"?>
<!-- Generated by org.testng.reporters.JUnitReportReporter -->
<testsuite hostname="DESKTOP-C2L21R2" failures="0" tests="1" name="TestNG.Sample" time="0.012" errors="0" timestamp="2020-12-18T19:44:34 IST" skipped="0">
  <testcase classname="TestNG.Sample" name="sampletest" time="0.012"/>
  <system-out>
testcases  </system-out>
</testsuite> <!-- TestNG.Sample -->
