<?xml version="1.0" encoding="UTF-8"?>
<!-- Generated by org.testng.reporters.JUnitReportReporter -->
<testsuite hostname="DESKTOP-C2L21R2" failures="0" tests="1" name="TestNG.demo" time="0.022" errors="0" timestamp="2020-12-18T19:47:30 IST" skipped="0">
  <testcase classname="TestNG.demo" name="testA" time="0.022"/>
  <system-out>
Hi  </system-out>
</testsuite> <!-- TestNG.demo -->
