<?xml version="1.0" encoding="UTF-8"?>
<!-- Generated by org.testng.reporters.JUnitReportReporter -->
<testsuite hostname="DESKTOP-C2L21R2" failures="0" tests="2" name="TestNG.Priority" time="0.025" errors="0" timestamp="2020-12-18T19:33:50 IST" skipped="0">
  <testcase classname="TestNG.Priority" name="DeleteUser" time="0.002"/>
  <system-out>
User is deleted  </system-out>
  <testcase classname="TestNG.Priority" name="RegisterUser" time="0.023"/>
  <system-out>
User is Registerd  </system-out>
</testsuite> <!-- TestNG.Priority -->
